<?xml version="1.0" encoding="UTF-8"?>
<!-- Generated by org.testng.reporters.JUnitReportReporter -->
<testsuite skipped="0" hostname="baodq" name="test.Testcase_GuruLogin" tests="1" failures="0" timestamp="2020-05-21T11:35:37 ICT" time="10.021" errors="0">
  <testcase name="test_Home_Page_Appear_Correct" time="10.021" classname="test.Testcase_GuruLogin"/>
  <system-out/>
</testsuite> <!-- test.Testcase_GuruLogin -->
