<?xml version="1.0" encoding="UTF-8"?>
<!-- Generated by org.testng.reporters.JUnitReportReporter -->
<testsuite skipped="0" hostname="baodq" name="test.TestNG_Demo" tests="1" failures="0" timestamp="2020-05-18T10:14:45 ICT" time="6.441" errors="0">
  <testcase name="googleSearchTest" time="6.441" classname="test.TestNG_Demo"/>
  <system-out/>
</testsuite> <!-- test.TestNG_Demo -->
